[debug] [2018-03-12T22:49:01.354Z] ----------------------------------------------------------------------
[debug] [2018-03-12T22:49:01.361Z] Command:       /home/rixing_xu7/.nvm/versions/node/v9.8.0/bin/node /home/rixing_xu7/.nvm/versions/node/v9.8.0/bin/firebase serve
[debug] [2018-03-12T22:49:01.361Z] CLI Version:   3.17.6
[debug] [2018-03-12T22:49:01.361Z] Platform:      linux
[debug] [2018-03-12T22:49:01.361Z] Node Version:  v9.8.0
[debug] [2018-03-12T22:49:01.361Z] Time:          Mon Mar 12 2018 22:49:01 GMT+0000 (UTC)
[debug] [2018-03-12T22:49:01.361Z] ----------------------------------------------------------------------
[debug] 
[debug] [2018-03-12T22:49:01.371Z] > command requires scopes: ["email","openid","https://www.googleapis.com/auth/cloudplatformprojects.readonly","https://www.googleapis.com/auth/firebase","https://www.googleapis.com/auth/cloud-platform"]
[debug] [2018-03-12T22:49:01.371Z] > authorizing via signed-in user
[debug] [2018-03-12T22:49:01.373Z] >>> HTTP REQUEST GET https://admin.firebase.com/v1/projects/friendlychat-e7f12  
  
 Mon Mar 12 2018 22:49:01 GMT+0000 (UTC)
[debug] [2018-03-12T22:49:01.693Z] <<< HTTP RESPONSE 200
[debug] [2018-03-12T22:49:01.694Z] >>> HTTP REQUEST GET https://admin.firebase.com/v1/database/friendlychat-e7f12/tokens  
  
 Mon Mar 12 2018 22:49:01 GMT+0000 (UTC)
[debug] [2018-03-12T22:49:02.151Z] <<< HTTP RESPONSE 200
[debug] [2018-03-12T22:49:02.152Z] >>> HTTP REQUEST GET https://cloudresourcemanager.googleapis.com/v1/projects/friendlychat-e7f12  
  
 Mon Mar 12 2018 22:49:02 GMT+0000 (UTC)
[debug] [2018-03-12T22:49:02.364Z] <<< HTTP RESPONSE 200
[info] 
[info] === Serving from '/home/rixing_xu7/firechat/friendlychat-web/web-start'...
[info] 
[debug] [2018-03-12T22:49:02.366Z] >>> HTTP REQUEST GET https://mobilesdk-pa.googleapis.com/v1/projects/762654627751/clients/_:getWebAppConfig  
  
 Mon Mar 12 2018 22:49:02 GMT+0000 (UTC)
[debug] [2018-03-12T22:49:02.714Z] <<< HTTP RESPONSE 200
[info] i  hosting: Serving hosting files from: ./
[info] ✔  hosting: Local server: http://localhost:5000

